/*C6*/SET SCHEMA PUBLIC
alter table orders_charge_lines drop constraint UK_nhmjehhmw1j2x970ai90qtusv
alter table orders_charge_lines add constraint UK_nhmjehhmw1j2x970ai90qtusv  unique (charge_lines_CHARGELINE_ID)
alter table orders_order_lines drop constraint UK_q4r4r3c17ubjrjjn9ux3ryat7
alter table orders_order_lines add constraint UK_q4r4r3c17ubjrjjn9ux3ryat7  unique (order_lines_ORDERLINE_ID)
INSERT INTO CONCRETE_CUSTOMER VALUES(13,0,0,'hans')
INSERT INTO CONCRETE_CUSTOMER VALUES(14,0,0,'dextermorgan')
INSERT INTO CONCRETE_CUSTOMER VALUES(15,0,0,'earlhickey')
INSERT INTO CONCRETE_CUSTOMER VALUES(16,0,0,'mclovinfogell')
DELETE FROM USER_ACCOUNT WHERE USERACCOUNT_ID='hans'
INSERT INTO USER_ACCOUNT VALUES('hans',NULL,TRUE,NULL,NULL,'$2a$10$bJ8rIAdXy6Q0vlIKA046NOex6ONIJBVgDei2KY3bmB2Di59sLVaVO')
DELETE FROM USER_ACCOUNT WHERE USERACCOUNT_ID='dextermorgan'
INSERT INTO USER_ACCOUNT VALUES('dextermorgan',NULL,TRUE,NULL,NULL,'$2a$10$ouOBB0qCS0AsvXOcRQnQnO3TayMyuKeR1fpgIG98YLumTiXA26tXa')
DELETE FROM USER_ACCOUNT WHERE USERACCOUNT_ID='earlhickey'
INSERT INTO USER_ACCOUNT VALUES('earlhickey',NULL,TRUE,NULL,NULL,'$2a$10$d3W4bix1A5PI7deUhwzuQ.xIopWZHT1rNcQKDscahQ/RU3K1vvHuC')
DELETE FROM USER_ACCOUNT WHERE USERACCOUNT_ID='mclovinfogell'
INSERT INTO USER_ACCOUNT VALUES('mclovinfogell',NULL,TRUE,NULL,NULL,'$2a$10$1nhsY/lkjSR9F7UsMzIxzOXsaNLd8GAZbQZUsA0vY7Ls9O7yFO22m')
DELETE FROM USER_ACCOUNT_ROLES WHERE USER_ACCOUNT_USERACCOUNT_ID='hans' AND NAME='ROLE_USER'
INSERT INTO USER_ACCOUNT_ROLES VALUES('hans','ROLE_USER')
DELETE FROM USER_ACCOUNT_ROLES WHERE USER_ACCOUNT_USERACCOUNT_ID='dextermorgan' AND NAME='ROLE_USER'
INSERT INTO USER_ACCOUNT_ROLES VALUES('dextermorgan','ROLE_USER')
DELETE FROM USER_ACCOUNT_ROLES WHERE USER_ACCOUNT_USERACCOUNT_ID='earlhickey' AND NAME='ROLE_USER'
INSERT INTO USER_ACCOUNT_ROLES VALUES('earlhickey','ROLE_USER')
DELETE FROM USER_ACCOUNT_ROLES WHERE USER_ACCOUNT_USERACCOUNT_ID='mclovinfogell' AND NAME='ROLE_USER'
INSERT INTO USER_ACCOUNT_ROLES VALUES('mclovinfogell','ROLE_USER')
COMMIT
